[17:36:52] [main/INFO]: Setting user: Castelbuilder123
[17:36:54] [Client thread/INFO]: LWJGL Version: 2.9.1
[17:36:55] [Client thread/ERROR]: Couldn't initialize twitch stream
[17:37:01] [Client thread/INFO]: Reloading ResourceManager: Default, FMLFileResourcePack:Forge Mod Loader, FMLFileResourcePack:Minecraft Forge, FMLFileResourcePack:Not Enough Items, FMLFileResourcePack:SpellCraft
[17:37:02] [Sound Library Loader/INFO]: Sound engine started
[17:37:05] [Client thread/INFO]: Created: 512x256 textures/blocks-atlas
[17:37:05] [Client thread/INFO]: Created: 256x256 textures/items-atlas
[17:37:06] [Client thread/INFO]: Reloading ResourceManager: Default, FMLFileResourcePack:Forge Mod Loader, FMLFileResourcePack:Minecraft Forge, FMLFileResourcePack:Not Enough Items, FMLFileResourcePack:SpellCraft
[17:37:06] [Client thread/INFO]: Created: 256x256 textures/items-atlas
[17:37:06] [Client thread/INFO]: Created: 512x256 textures/blocks-atlas
[17:37:07] [Sound Library Loader/INFO]: Sound engine started
[17:37:16] [Server thread/INFO]: Starting integrated minecraft server version 1.7.10
[17:37:16] [Server thread/INFO]: Generating keypair
[17:37:17] [Server thread/INFO]: Preparing start region for level 0
[17:37:18] [Server thread/INFO]: Preparing spawn area: 82%
[17:37:19] [Server thread/INFO]: Castelbuilder123[local:E:60f3d28a] logged in with entity id 350 at (10.931135531574999, 126.0, 6.300000011920929)
[17:37:19] [Server thread/INFO]: Castelbuilder123 joined the game
[17:37:25] [Server thread/INFO]: [CHAT] Entity 1: class net.minecraft.entity.monster.EntitySkeleton (Health: 13.399988)
[17:37:25] [Server thread/INFO]: [CHAT] Entity 2: class net.minecraft.entity.player.EntityPlayerMP (Health: 19.0)
[17:37:26] [Server thread/INFO]: [CHAT] Entity 1: class net.minecraft.entity.monster.EntitySkeleton (Health: 13.199988)
[17:37:26] [Server thread/INFO]: [CHAT] Entity 2: class net.minecraft.entity.player.EntityPlayerMP (Health: 19.0)
[17:37:27] [Server thread/INFO]: [CHAT] Entity 1: class net.minecraft.entity.monster.EntitySkeleton (Health: 12.999989)
[17:37:27] [Server thread/INFO]: [CHAT] Entity 2: class net.minecraft.entity.player.EntityPlayerMP (Health: 19.0)
[17:37:28] [Server thread/INFO]: [CHAT] Entity 1: class net.minecraft.entity.monster.EntitySkeleton (Health: 12.799989)
[17:37:28] [Server thread/INFO]: [CHAT] Entity 2: class net.minecraft.entity.player.EntityPlayerMP (Health: 19.0)
[17:38:00] [Server thread/INFO]: Saving and pausing game...
[17:38:00] [Server thread/INFO]: Saving chunks for level 'Forge'/Overworld
[17:38:00] [Server thread/INFO]: Saving chunks for level 'Forge'/Nether
[17:38:00] [Server thread/INFO]: Saving chunks for level 'Forge'/The End
[17:38:00] [Server thread/INFO]: Saving chunks for level 'Forge'/Underworld
[17:38:06] [Client thread/INFO]: Started on 8009
[17:38:06] [Client thread/INFO]: [CHAT] Local game hosted on port 8009
[17:38:09] [Server thread/INFO]: [CHAT] Entity 1: class net.minecraft.entity.monster.EntitySkeleton (Health: 19.8)
[17:38:09] [Server thread/INFO]: [CHAT] Entity 2: class net.minecraft.entity.player.EntityPlayerMP (Health: 19.0)
[17:38:10] [Server thread/INFO]: [CHAT] Entity 1: class net.minecraft.entity.monster.EntitySkeleton (Health: 19.599998)
[17:38:10] [Server thread/INFO]: [CHAT] Entity 2: class net.minecraft.entity.player.EntityPlayerMP (Health: 19.0)
[17:38:11] [Server thread/INFO]: [CHAT] Entity 1: class net.minecraft.entity.monster.EntitySkeleton (Health: 19.399998)
[17:38:11] [Server thread/INFO]: [CHAT] Entity 2: class net.minecraft.entity.player.EntityPlayerMP (Health: 19.0)
[17:38:13] [Server thread/INFO]: [CHAT] Entity 1: class net.minecraft.entity.monster.EntitySkeleton (Health: 19.099998)
[17:38:13] [Server thread/INFO]: [CHAT] Entity 2: class net.minecraft.entity.player.EntityPlayerMP (Health: 19.0)
[17:38:14] [Server thread/INFO]: [CHAT] Entity 1: class net.minecraft.entity.monster.EntitySkeleton (Health: 18.899998)
[17:38:14] [Server thread/INFO]: [CHAT] Entity 2: class net.minecraft.entity.player.EntityPlayerMP (Health: 19.0)
[17:38:14] [Server thread/INFO]: [CHAT] Entity 1: class net.minecraft.entity.monster.EntitySkeleton (Health: 18.699997)
[17:38:14] [Server thread/INFO]: [CHAT] Entity 2: class net.minecraft.entity.player.EntityPlayerMP (Health: 19.0)
[17:38:15] [Server thread/INFO]: [CHAT] Entity 1: class net.minecraft.entity.monster.EntitySkeleton (Health: 18.499996)
[17:38:15] [Server thread/INFO]: [CHAT] Entity 2: class net.minecraft.entity.player.EntityPlayerMP (Health: 19.0)
