[16:19:42] [main/INFO]: Setting user: Castelbuilder123
[16:19:45] [Client thread/INFO]: LWJGL Version: 2.9.1
[16:19:46] [Client thread/ERROR]: Couldn't initialize twitch stream
[16:19:53] [Client thread/INFO]: Reloading ResourceManager: Default, FMLFileResourcePack:Forge Mod Loader, FMLFileResourcePack:Minecraft Forge, FMLFileResourcePack:Not Enough Items, FMLFileResourcePack:SpellCraft
[16:19:54] [Sound Library Loader/INFO]: Sound engine started
[16:19:58] [Client thread/INFO]: Created: 512x256 textures/blocks-atlas
[16:19:58] [Client thread/INFO]: Created: 256x256 textures/items-atlas
[16:19:59] [Client thread/INFO]: Reloading ResourceManager: Default, FMLFileResourcePack:Forge Mod Loader, FMLFileResourcePack:Minecraft Forge, FMLFileResourcePack:Not Enough Items, FMLFileResourcePack:SpellCraft
[16:19:59] [Client thread/INFO]: Created: 256x256 textures/items-atlas
[16:19:59] [Client thread/INFO]: Created: 512x256 textures/blocks-atlas
[16:20:00] [Sound Library Loader/INFO]: Sound engine started
[16:21:18] [Server thread/INFO]: Starting integrated minecraft server version 1.7.10
[16:21:18] [Server thread/INFO]: Generating keypair
[16:21:19] [Server thread/INFO]: Preparing start region for level 0
[16:21:20] [Server thread/INFO]: Preparing spawn area: 59%
[16:21:22] [Server thread/INFO]: Castelbuilder123[local:E:3372f33a] logged in with entity id 349 at (52.923880771174005, 128.4906431892014, 2.849851340281888)
[16:21:22] [Server thread/INFO]: Castelbuilder123 joined the game
[16:21:58] [Server thread/INFO]: <Castelbuilder123> how is it?
[16:21:58] [Client thread/INFO]: [CHAT] <Castelbuilder123> how is it?
[16:23:38] [Server thread/INFO]: Saving and pausing game...
[16:23:38] [Server thread/INFO]: Saving chunks for level 'Forge'/Overworld
[16:23:38] [Server thread/INFO]: Saving chunks for level 'Forge'/Nether
[16:23:38] [Server thread/INFO]: Saving chunks for level 'Forge'/The End
[16:23:38] [Server thread/INFO]: Saving chunks for level 'Forge'/Underworld
[16:25:20] [Server thread/INFO]: Saving and pausing game...
[16:25:20] [Server thread/INFO]: Saving chunks for level 'Forge'/Overworld
[16:25:20] [Server thread/INFO]: Saving chunks for level 'Forge'/Nether
[16:25:20] [Server thread/INFO]: Saving chunks for level 'Forge'/The End
[16:25:20] [Server thread/INFO]: Saving chunks for level 'Forge'/Underworld
[16:25:22] [Server thread/INFO]: Stopping server
[16:25:22] [Server thread/INFO]: Saving players
[16:25:22] [Server thread/INFO]: Saving worlds
[16:25:22] [Server thread/INFO]: Saving chunks for level 'Forge'/Overworld
[16:25:22] [Server thread/INFO]: Saving chunks for level 'Forge'/Nether
[16:25:22] [Server thread/INFO]: Saving chunks for level 'Forge'/The End
[16:25:22] [Server thread/INFO]: Saving chunks for level 'Forge'/Underworld
[16:35:41] [Server thread/INFO]: Starting integrated minecraft server version 1.7.10
[16:35:41] [Server thread/INFO]: Generating keypair
[16:35:41] [Server thread/INFO]: Preparing start region for level 0
[16:35:42] [Server thread/INFO]: Castelbuilder123[local:E:2368c915] logged in with entity id 42177 at (-0.7372786152957214, 126.0, 0.21324631772260025)
[16:35:42] [Server thread/INFO]: Castelbuilder123 joined the game
[16:52:28] [Client thread/INFO]: [CHAT] Saved screenshot as 2014-08-07_16.52.28.png
[16:52:33] [Client thread/ERROR]: Couldn't open link
java.lang.reflect.InvocationTargetException
	at sun.reflect.NativeMethodAccessorImpl.invoke0(Native Method) ~[?:1.7.0_45]
	at sun.reflect.NativeMethodAccessorImpl.invoke(NativeMethodAccessorImpl.java:57) ~[?:1.7.0_45]
	at sun.reflect.DelegatingMethodAccessorImpl.invoke(DelegatingMethodAccessorImpl.java:43) ~[?:1.7.0_45]
	at java.lang.reflect.Method.invoke(Method.java:606) ~[?:1.7.0_45]
	at net.minecraft.client.gui.GuiChat.func_146407_a(GuiChat.java:305) [GuiChat.class:?]
	at net.minecraft.client.gui.GuiChat.mouseClicked(GuiChat.java:247) [GuiChat.class:?]
	at net.minecraft.client.gui.GuiScreen.handleMouseInput(GuiScreen.java:346) [GuiScreen.class:?]
	at net.minecraft.client.gui.GuiChat.handleMouseInput(GuiChat.java:171) [GuiChat.class:?]
	at net.minecraft.client.gui.GuiScreen.handleInput(GuiScreen.java:315) [GuiScreen.class:?]
	at net.minecraft.client.Minecraft.runTick(Minecraft.java:1731) [Minecraft.class:?]
	at net.minecraft.client.Minecraft.runGameLoop(Minecraft.java:1039) [Minecraft.class:?]
	at net.minecraft.client.Minecraft.run(Minecraft.java:961) [Minecraft.class:?]
	at net.minecraft.client.main.Main.main(Main.java:164) [Main.class:?]
	at sun.reflect.NativeMethodAccessorImpl.invoke0(Native Method) ~[?:1.7.0_45]
	at sun.reflect.NativeMethodAccessorImpl.invoke(NativeMethodAccessorImpl.java:57) ~[?:1.7.0_45]
	at sun.reflect.DelegatingMethodAccessorImpl.invoke(DelegatingMethodAccessorImpl.java:43) ~[?:1.7.0_45]
	at java.lang.reflect.Method.invoke(Method.java:606) ~[?:1.7.0_45]
	at net.minecraft.launchwrapper.Launch.launch(Launch.java:134) [launchwrapper-1.9.jar:?]
	at net.minecraft.launchwrapper.Launch.main(Launch.java:28) [launchwrapper-1.9.jar:?]
	at sun.reflect.NativeMethodAccessorImpl.invoke0(Native Method) ~[?:1.7.0_45]
	at sun.reflect.NativeMethodAccessorImpl.invoke(NativeMethodAccessorImpl.java:57) ~[?:1.7.0_45]
	at sun.reflect.DelegatingMethodAccessorImpl.invoke(DelegatingMethodAccessorImpl.java:43) ~[?:1.7.0_45]
	at java.lang.reflect.Method.invoke(Method.java:606) ~[?:1.7.0_45]
	at GradleStart.bounce(GradleStart.java:108) [start/:?]
	at GradleStart.startClient(GradleStart.java:101) [start/:?]
	at GradleStart.main(GradleStart.java:66) [start/:?]
	at sun.reflect.NativeMethodAccessorImpl.invoke0(Native Method) ~[?:1.7.0_45]
	at sun.reflect.NativeMethodAccessorImpl.invoke(NativeMethodAccessorImpl.java:57) ~[?:1.7.0_45]
	at sun.reflect.DelegatingMethodAccessorImpl.invoke(DelegatingMethodAccessorImpl.java:43) ~[?:1.7.0_45]
	at java.lang.reflect.Method.invoke(Method.java:606) ~[?:1.7.0_45]
	at com.intellij.rt.execution.application.AppMain.main(AppMain.java:120) [idea_rt.jar:?]
Caused by: java.io.IOException: Failed to open file:/C:/Users/Jona/Dropbox/Java/Minecraft/Forge/SpellCraft/eclipse/./screenshots/2014-08-07_16.52.28.png. Error message: Das System kann die angegebene Datei nicht finden.

	at sun.awt.windows.WDesktopPeer.ShellExecute(WDesktopPeer.java:84) ~[?:1.7.0_45]
	at sun.awt.windows.WDesktopPeer.browse(WDesktopPeer.java:70) ~[?:1.7.0_45]
	at java.awt.Desktop.browse(Desktop.java:386) ~[?:1.7.0_45]
	... 31 more
[16:52:34] [Client thread/ERROR]: Couldn't open link
java.lang.reflect.InvocationTargetException
	at sun.reflect.NativeMethodAccessorImpl.invoke0(Native Method) ~[?:1.7.0_45]
	at sun.reflect.NativeMethodAccessorImpl.invoke(NativeMethodAccessorImpl.java:57) ~[?:1.7.0_45]
	at sun.reflect.DelegatingMethodAccessorImpl.invoke(DelegatingMethodAccessorImpl.java:43) ~[?:1.7.0_45]
	at java.lang.reflect.Method.invoke(Method.java:606) ~[?:1.7.0_45]
	at net.minecraft.client.gui.GuiChat.func_146407_a(GuiChat.java:305) [GuiChat.class:?]
	at net.minecraft.client.gui.GuiChat.mouseClicked(GuiChat.java:247) [GuiChat.class:?]
	at net.minecraft.client.gui.GuiScreen.handleMouseInput(GuiScreen.java:346) [GuiScreen.class:?]
	at net.minecraft.client.gui.GuiChat.handleMouseInput(GuiChat.java:171) [GuiChat.class:?]
	at net.minecraft.client.gui.GuiScreen.handleInput(GuiScreen.java:315) [GuiScreen.class:?]
	at net.minecraft.client.Minecraft.runTick(Minecraft.java:1731) [Minecraft.class:?]
	at net.minecraft.client.Minecraft.runGameLoop(Minecraft.java:1039) [Minecraft.class:?]
	at net.minecraft.client.Minecraft.run(Minecraft.java:961) [Minecraft.class:?]
	at net.minecraft.client.main.Main.main(Main.java:164) [Main.class:?]
	at sun.reflect.NativeMethodAccessorImpl.invoke0(Native Method) ~[?:1.7.0_45]
	at sun.reflect.NativeMethodAccessorImpl.invoke(NativeMethodAccessorImpl.java:57) ~[?:1.7.0_45]
	at sun.reflect.DelegatingMethodAccessorImpl.invoke(DelegatingMethodAccessorImpl.java:43) ~[?:1.7.0_45]
	at java.lang.reflect.Method.invoke(Method.java:606) ~[?:1.7.0_45]
	at net.minecraft.launchwrapper.Launch.launch(Launch.java:134) [launchwrapper-1.9.jar:?]
	at net.minecraft.launchwrapper.Launch.main(Launch.java:28) [launchwrapper-1.9.jar:?]
	at sun.reflect.NativeMethodAccessorImpl.invoke0(Native Method) ~[?:1.7.0_45]
	at sun.reflect.NativeMethodAccessorImpl.invoke(NativeMethodAccessorImpl.java:57) ~[?:1.7.0_45]
	at sun.reflect.DelegatingMethodAccessorImpl.invoke(DelegatingMethodAccessorImpl.java:43) ~[?:1.7.0_45]
	at java.lang.reflect.Method.invoke(Method.java:606) ~[?:1.7.0_45]
	at GradleStart.bounce(GradleStart.java:108) [start/:?]
	at GradleStart.startClient(GradleStart.java:101) [start/:?]
	at GradleStart.main(GradleStart.java:66) [start/:?]
	at sun.reflect.NativeMethodAccessorImpl.invoke0(Native Method) ~[?:1.7.0_45]
	at sun.reflect.NativeMethodAccessorImpl.invoke(NativeMethodAccessorImpl.java:57) ~[?:1.7.0_45]
	at sun.reflect.DelegatingMethodAccessorImpl.invoke(DelegatingMethodAccessorImpl.java:43) ~[?:1.7.0_45]
	at java.lang.reflect.Method.invoke(Method.java:606) ~[?:1.7.0_45]
	at com.intellij.rt.execution.application.AppMain.main(AppMain.java:120) [idea_rt.jar:?]
Caused by: java.io.IOException: Failed to open file:/C:/Users/Jona/Dropbox/Java/Minecraft/Forge/SpellCraft/eclipse/./screenshots/2014-08-07_16.52.28.png. Error message: Das System kann die angegebene Datei nicht finden.

	at sun.awt.windows.WDesktopPeer.ShellExecute(WDesktopPeer.java:84) ~[?:1.7.0_45]
	at sun.awt.windows.WDesktopPeer.browse(WDesktopPeer.java:70) ~[?:1.7.0_45]
	at java.awt.Desktop.browse(Desktop.java:386) ~[?:1.7.0_45]
	... 31 more
[16:52:34] [Client thread/ERROR]: Couldn't open link
java.lang.reflect.InvocationTargetException
	at sun.reflect.NativeMethodAccessorImpl.invoke0(Native Method) ~[?:1.7.0_45]
	at sun.reflect.NativeMethodAccessorImpl.invoke(NativeMethodAccessorImpl.java:57) ~[?:1.7.0_45]
	at sun.reflect.DelegatingMethodAccessorImpl.invoke(DelegatingMethodAccessorImpl.java:43) ~[?:1.7.0_45]
	at java.lang.reflect.Method.invoke(Method.java:606) ~[?:1.7.0_45]
	at net.minecraft.client.gui.GuiChat.func_146407_a(GuiChat.java:305) [GuiChat.class:?]
	at net.minecraft.client.gui.GuiChat.mouseClicked(GuiChat.java:247) [GuiChat.class:?]
	at net.minecraft.client.gui.GuiScreen.handleMouseInput(GuiScreen.java:346) [GuiScreen.class:?]
	at net.minecraft.client.gui.GuiChat.handleMouseInput(GuiChat.java:171) [GuiChat.class:?]
	at net.minecraft.client.gui.GuiScreen.handleInput(GuiScreen.java:315) [GuiScreen.class:?]
	at net.minecraft.client.Minecraft.runTick(Minecraft.java:1731) [Minecraft.class:?]
	at net.minecraft.client.Minecraft.runGameLoop(Minecraft.java:1039) [Minecraft.class:?]
	at net.minecraft.client.Minecraft.run(Minecraft.java:961) [Minecraft.class:?]
	at net.minecraft.client.main.Main.main(Main.java:164) [Main.class:?]
	at sun.reflect.NativeMethodAccessorImpl.invoke0(Native Method) ~[?:1.7.0_45]
	at sun.reflect.NativeMethodAccessorImpl.invoke(NativeMethodAccessorImpl.java:57) ~[?:1.7.0_45]
	at sun.reflect.DelegatingMethodAccessorImpl.invoke(DelegatingMethodAccessorImpl.java:43) ~[?:1.7.0_45]
	at java.lang.reflect.Method.invoke(Method.java:606) ~[?:1.7.0_45]
	at net.minecraft.launchwrapper.Launch.launch(Launch.java:134) [launchwrapper-1.9.jar:?]
	at net.minecraft.launchwrapper.Launch.main(Launch.java:28) [launchwrapper-1.9.jar:?]
	at sun.reflect.NativeMethodAccessorImpl.invoke0(Native Method) ~[?:1.7.0_45]
	at sun.reflect.NativeMethodAccessorImpl.invoke(NativeMethodAccessorImpl.java:57) ~[?:1.7.0_45]
	at sun.reflect.DelegatingMethodAccessorImpl.invoke(DelegatingMethodAccessorImpl.java:43) ~[?:1.7.0_45]
	at java.lang.reflect.Method.invoke(Method.java:606) ~[?:1.7.0_45]
	at GradleStart.bounce(GradleStart.java:108) [start/:?]
	at GradleStart.startClient(GradleStart.java:101) [start/:?]
	at GradleStart.main(GradleStart.java:66) [start/:?]
	at sun.reflect.NativeMethodAccessorImpl.invoke0(Native Method) ~[?:1.7.0_45]
	at sun.reflect.NativeMethodAccessorImpl.invoke(NativeMethodAccessorImpl.java:57) ~[?:1.7.0_45]
	at sun.reflect.DelegatingMethodAccessorImpl.invoke(DelegatingMethodAccessorImpl.java:43) ~[?:1.7.0_45]
	at java.lang.reflect.Method.invoke(Method.java:606) ~[?:1.7.0_45]
	at com.intellij.rt.execution.application.AppMain.main(AppMain.java:120) [idea_rt.jar:?]
Caused by: java.io.IOException: Failed to open file:/C:/Users/Jona/Dropbox/Java/Minecraft/Forge/SpellCraft/eclipse/./screenshots/2014-08-07_16.52.28.png. Error message: Das System kann die angegebene Datei nicht finden.

	at sun.awt.windows.WDesktopPeer.ShellExecute(WDesktopPeer.java:84) ~[?:1.7.0_45]
	at sun.awt.windows.WDesktopPeer.browse(WDesktopPeer.java:70) ~[?:1.7.0_45]
	at java.awt.Desktop.browse(Desktop.java:386) ~[?:1.7.0_45]
	... 31 more
[16:52:36] [Server thread/INFO]: Saving and pausing game...
[16:52:36] [Server thread/INFO]: Saving chunks for level 'Forge'/Overworld
[16:52:36] [Server thread/INFO]: Saving chunks for level 'Forge'/Nether
[16:52:36] [Server thread/INFO]: Saving chunks for level 'Forge'/The End
[16:52:36] [Server thread/INFO]: Saving chunks for level 'Forge'/Underworld
[16:52:40] [Client thread/INFO]: Reloading ResourceManager: Default, FMLFileResourcePack:Forge Mod Loader, FMLFileResourcePack:Minecraft Forge, FMLFileResourcePack:Not Enough Items, FMLFileResourcePack:SpellCraft
[16:52:40] [Client thread/INFO]: Created: 512x256 textures/blocks-atlas
[16:52:40] [Client thread/INFO]: Created: 256x256 textures/items-atlas
[16:52:41] [Sound Library Loader/INFO]: Sound engine started
[16:55:15] [Client thread/INFO]: [CHAT] Unknown command. Try /help for a list of commands
[16:55:16] [Server thread/INFO]: Saving and pausing game...
[16:55:16] [Server thread/INFO]: Saving chunks for level 'Forge'/Overworld
[16:55:16] [Server thread/INFO]: Saving chunks for level 'Forge'/Nether
[16:55:16] [Server thread/INFO]: Saving chunks for level 'Forge'/The End
[16:55:16] [Server thread/INFO]: Saving chunks for level 'Forge'/Underworld
[16:55:17] [Server thread/INFO]: Saving and pausing game...
[16:55:17] [Server thread/INFO]: Saving chunks for level 'Forge'/Overworld
[16:55:17] [Server thread/INFO]: Saving chunks for level 'Forge'/Nether
[16:55:17] [Server thread/INFO]: Saving chunks for level 'Forge'/The End
[16:55:18] [Server thread/INFO]: Saving chunks for level 'Forge'/Underworld
[17:01:26] [Server thread/INFO]: Saving and pausing game...
[17:01:26] [Server thread/INFO]: Saving chunks for level 'Forge'/Overworld
[17:01:26] [Server thread/INFO]: Saving chunks for level 'Forge'/Nether
[17:01:27] [Server thread/INFO]: Saving chunks for level 'Forge'/The End
[17:01:27] [Server thread/INFO]: Saving chunks for level 'Forge'/Underworld
[17:25:59] [Server thread/INFO]: Saving and pausing game...
[17:25:59] [Server thread/INFO]: Saving chunks for level 'Forge'/Overworld
[17:25:59] [Server thread/INFO]: Saving chunks for level 'Forge'/Nether
[17:25:59] [Server thread/INFO]: Saving chunks for level 'Forge'/The End
[17:25:59] [Server thread/INFO]: Saving chunks for level 'Forge'/Underworld
[17:25:59] [Server thread/INFO]: Stopping server
[17:25:59] [Server thread/INFO]: Saving players
[17:25:59] [Server thread/INFO]: Saving worlds
[17:25:59] [Server thread/INFO]: Saving chunks for level 'Forge'/Overworld
[17:25:59] [Server thread/INFO]: Saving chunks for level 'Forge'/Nether
[17:25:59] [Server thread/INFO]: Saving chunks for level 'Forge'/The End
[17:25:59] [Server thread/INFO]: Saving chunks for level 'Forge'/Underworld
[17:26:01] [Client thread/INFO]: Stopping!
[17:37:46] [Server thread/INFO]: Starting minecraft server version 1.7.10
[17:37:53] [Server thread/INFO]: Loading properties
[17:37:53] [Server thread/INFO]: Default game type: SURVIV[17:37:57] [Client thread/INFO]: Reloading ResourceManager: Default, FMLFileResourcePack:Forge Mod Loader, FMLFileResourcePack:Minecraft Forge, FMLFileResourcePack:Not Enough Items, FMLFileResourcePack:SpellCraft
[17:37:58] [Sound Library Loader/INFO]: Sound engine started
[17:38:01] [Client thread/INFO]: Created: 512x256 textures/blocks-atlas
[17:38:02] [Client thread/INFO]: Created: 256x256 textures/items-atlas
[17:38:02] [Client thread/INFO]: Reloading ResourceManager: Default, FMLFileResourcePack:Forge Mod Loader, FMLFileResourcePack:Minecraft Forge, FMLFileResourcePack:Not Enough Items, FMLFileResourcePack:SpellCraft
[17:38:02] [Client thread/INFO]: Created: 256x256 textures/items-atlas
[17:38:03] [Client thread/INFO]: Created: 512x256 textures/blocks-atlas
[17:38:03] [Sound Library Loader/INFO]: Sound engine started
[17:38:21] [Client thread/INFO]: Connecting to localhost, 25565
[17:39:04] [Client thread/INFO]: Stopping!
ad/INFO]: Castelbuilder123[/127.0.0.1:9492] logged in with entity id 348 at (30.981525297071684, 136.02217554371356, -12.059820906299171)
[17:38:21] [Server thread/INFO]: Castelbuilder123 joined the game
[17:39:03] [Server thread/INFO]: Castelbuilder123 lost connection: TextComponent{text='Disconnected', siblings=[], style=Style{hasParent=false, color=null, bold=null, italic=null, underlined=null, obfuscated=null, clickEvent=null, hoverEvent=null}}
[17:39:03] [Server thread/INFO]: Castelbuilder123 left the game
[17:41:24] [Server thread/INFO]: Castelbuilder123[/127.0.0.1:9542] logged in with entity id 490 at (23.268254492291867, 135.0, 1.4582035920647272)
[17:41:24] [Server thread/INFO]: Castelbuilder123 joined the game
[17:45:37] [Server thread/INFO]: ForgeDevName[/86.179.164.188:61079] logged in with entity id 1137 at (248.5, 68.0, 247.5)
[17:45:37] [Server thread/INFO]: ForgeDevName joined the game
[17:45:43] [Server thread/INFO]: [Castelbuilder123: Set ForgeDevName's game mode to Creative Mode]
[17:46:17] [Server thread/INFO]: <Castelbuilder123> did you get a picture yet?
[17:46:27] [Server thread/INFO]: <ForgeDevName> what
[17:46:42] [Server thread/INFO]: <Castelbuilder123> get yourself a portal to the underworld
[17:46:49] [Server thread/INFO]: <ForgeDevName> how
[17:46:53] [Server thread/INFO]: <Castelbuilder123> creative
[17:46:53] [Server thread/INFO]: ForgeDevName has just earned the achievement [Taking Inventory]
[17:46:55] [Server thread/INFO]: <Castelbuilder123> menu
[17:47:17] [Server thread/INFO]: <ForgeDevName> yes i have placed it
[17:47:23] [Server thread/INFO]: <Castelbuilder123> rightclick it
[17:47:55] [Server thread/INFO]: <ForgeDevName> cant place blocks
[17:48:07] [Server thread/INFO]: [Castelbuilder123: Opped ForgeDevName]
[17:48:08] [Server thread/INFO]: <Castelbuilder123> now
[17:48:21] [Server thread/INFO]: ForgeDevName lost connection: TranslatableComponent{key='disconnect.genericReason', args=[Internal Exception: java.io.IOException: Eine vorhandene Verbindung wurde vom Remotehost geschlossen], siblings=[], style=Style{hasParent=false, color=null, bold=null, italic=null, underlined=null, obfuscated=null, clickEvent=null, hoverEvent=null}}
[17:48:21] [Server thread/INFO]: ForgeDevName left the game
[17:56:07] [Server thread/INFO]: [Castelbuilder123: Given [Bow] * 1 to Castelbuilder123]
[17:58:50] [Server thread/INFO]: Castelbuilder123 lost connection: TextComponent{text='Disconnected', siblings=[], style=Style{hasParent=false, color=null, bold=null, italic=null, underlined=null, obfuscated=null, clickEvent=null, hoverEvent=null}}
[17:58:50] [Server t[17:58:50] [Client thread/INFO]: Stopping!

[17:59:11] [Server thread/INFO]: Stopping the server
[17:59:11] [Server thread/INFO]: Stopping server
[17:59:11] [Server thread/INFO]: Saving players
[17:59:11] [Server thread/INFO]: Saving worlds
[17:59:11] [Server thread/INFO]: Saving chunks for level 'world'/Overworld
[17:59:11] [Server thread/INFO]: Saving chunks for level 'world'/Nether
[17:59:11] [Server thread/INFO]: Saving chunks for level 'world'/The End
