[11:08:52] [main/INFO]: Loading tweak class name cpw.mods.fml.common.launcher.FMLTweaker
[11:08:52] [main/INFO]: Using primary tweak class name cpw.mods.fml.common.launcher.FMLTweaker
[11:08:52] [main/INFO]: Calling tweak class cpw.mods.fml.common.launcher.FMLTweaker
[11:08:52] [main/INFO]: Forge Mod Loader version 7.10.25.1190 for Minecraft 1.7.10 loading
[11:08:52] [main/INFO]: Java is Java HotSpot(TM) 64-Bit Server VM, version 1.7.0_45, running on Windows 7:amd64:6.1, installed at C:\Program Files\Java\jdk1.7.0_45\jre
[11:08:52] [main/INFO]: Managed to load a deobfuscated Minecraft name- we are in a deobfuscated environment. Skipping runtime deobfuscation
[11:08:52] [main/INFO]: Loading tweak class name cpw.mods.fml.common.launcher.FMLInjectionAndSortingTweaker
[11:08:52] [main/INFO]: Loading tweak class name cpw.mods.fml.common.launcher.FMLDeobfTweaker
[11:08:52] [main/INFO]: Calling tweak class cpw.mods.fml.common.launcher.FMLInjectionAndSortingTweaker
[11:08:52] [main/INFO]: Calling tweak class cpw.mods.fml.common.launcher.FMLInjectionAndSortingTweaker
[11:08:52] [main/INFO]: Calling tweak class cpw.mods.fml.relauncher.CoreModManager$FMLPluginWrapper
[11:08:53] [main/ERROR]: The binary patch set is missing. Either you are in a development environment, or things are not going to work!
[11:08:56] [main/ERROR]: The minecraft jar file:/C:/Users/Jona/.gradle/caches/minecraft/net/minecraftforge/forge/1.7.10-10.13.0.1190/forgeBin-1.7.10-10.13.0.1190.jar!/net/minecraft/client/ClientBrandRetriever.class appears to be corrupt! There has been CRITICAL TAMPERING WITH MINECRAFT, it is highly unlikely minecraft will work! STOP NOW, get a clean copy and try again!
[11:08:56] [main/ERROR]: FML has been ordered to ignore the invalid or missing minecraft certificate. This is very likely to cause a problem!
[11:08:56] [main/ERROR]: Technical information: ClientBrandRetriever was at jar:file:/C:/Users/Jona/.gradle/caches/minecraft/net/minecraftforge/forge/1.7.10-10.13.0.1190/forgeBin-1.7.10-10.13.0.1190.jar!/net/minecraft/client/ClientBrandRetriever.class, there were 0 certificates for it
[11:08:56] [main/ERROR]: FML appears to be missing any signature data. This is not a good thing
[11:08:56] [main/INFO]: Calling tweak class cpw.mods.fml.relauncher.CoreModManager$FMLPluginWrapper
[11:08:56] [main/INFO]: Calling tweak class cpw.mods.fml.common.launcher.FMLDeobfTweaker
[11:08:56] [main/INFO]: Loading tweak class name cpw.mods.fml.common.launcher.TerminalTweaker
[11:08:56] [main/INFO]: Calling tweak class cpw.mods.fml.common.launcher.TerminalTweaker
[11:08:56] [main/INFO]: Launching wrapped minecraft {net.minecraft.client.main.Main}
[11:08:58] [main/ERROR]: Unable to launch
java.lang.reflect.InvocationTargetException
	at sun.reflect.NativeMethodAccessorImpl.invoke0(Native Method) ~[?:1.7.0_45]
	at sun.reflect.NativeMethodAccessorImpl.invoke(NativeMethodAccessorImpl.java:57) ~[?:1.7.0_45]
	at sun.reflect.DelegatingMethodAccessorImpl.invoke(DelegatingMethodAccessorImpl.java:43) ~[?:1.7.0_45]
	at java.lang.reflect.Method.invoke(Method.java:606) ~[?:1.7.0_45]
	at net.minecraft.launchwrapper.Launch.launch(Launch.java:134) [launchwrapper-1.9.jar:?]
	at net.minecraft.launchwrapper.Launch.main(Launch.java:28) [launchwrapper-1.9.jar:?]
	at sun.reflect.NativeMethodAccessorImpl.invoke0(Native Method) ~[?:1.7.0_45]
	at sun.reflect.NativeMethodAccessorImpl.invoke(NativeMethodAccessorImpl.java:57) ~[?:1.7.0_45]
	at sun.reflect.DelegatingMethodAccessorImpl.invoke(DelegatingMethodAccessorImpl.java:43) ~[?:1.7.0_45]
	at java.lang.reflect.Method.invoke(Method.java:606) ~[?:1.7.0_45]
	at com.intellij.rt.execution.application.AppMain.main(AppMain.java:120) [idea_rt.jar:?]
Caused by: java.lang.UnsatisfiedLinkError: no lwjgl in java.library.path
	at java.lang.ClassLoader.loadLibrary(ClassLoader.java:1886) ~[?:1.7.0_45]
	at java.lang.Runtime.loadLibrary0(Runtime.java:849) ~[?:1.7.0_45]
	at java.lang.System.loadLibrary(System.java:1088) ~[?:1.7.0_45]
	at org.lwjgl.Sys$1.run(Sys.java:73) ~[lwjgl-2.9.1.jar:?]
	at java.security.AccessController.doPrivileged(Native Method) ~[?:1.7.0_45]
	at org.lwjgl.Sys.doLoadLibrary(Sys.java:66) ~[lwjgl-2.9.1.jar:?]
	at org.lwjgl.Sys.loadLibrary(Sys.java:95) ~[lwjgl-2.9.1.jar:?]
	at org.lwjgl.Sys.<clinit>(Sys.java:112) ~[lwjgl-2.9.1.jar:?]
	at net.minecraft.client.Minecraft.getSystemTime(Minecraft.java:2659) ~[Minecraft.class:?]
	at net.minecraft.client.main.Main.main(SourceFile:72) ~[Main.class:?]
	... 11 more
